<?xml version="1.0" encoding="UTF-8"?>
<!-- Generated by org.testng.reporters.JUnitXMLReporter -->
<testsuite ignored="7" hostname="DESKTOP-3AE5TMV" failures="0" tests="1" name="Default test" time="0.036" errors="0" timestamp="2021-12-07T15:57:05 CST">
  <testcase classname="com.testNg.testNgannotations" name="testcase7" time="0.005"/>
  <testcase classname="com.testNg.testNgannotations" name="testcase1" time="0.0">
    <ignored/>
  </testcase> <!-- testcase1 -->
  <testcase classname="com.testNg.testNgannotations" name="testcase6" time="0.0">
    <ignored/>
  </testcase> <!-- testcase6 -->
  <testcase classname="com.testNg.testNgannotations" name="testcase2" time="0.0">
    <ignored/>
  </testcase> <!-- testcase2 -->
  <testcase classname="com.testNg.testNgannotations" name="testMethod" time="0.0">
    <ignored/>
  </testcase> <!-- testMethod -->
  <testcase classname="com.testNg.testNgannotations" name="testcase4" time="0.0">
    <ignored/>
  </testcase> <!-- testcase4 -->
  <testcase classname="com.testNg.testNgannotations" name="testcase3" time="0.0">
    <ignored/>
  </testcase> <!-- testcase3 -->
  <testcase classname="com.testNg.testNgannotations" name="testcase5" time="0.0">
    <ignored/>
  </testcase> <!-- testcase5 -->
</testsuite> <!-- Default test -->
