<?xml version="1.0" encoding="UTF-8"?>
<testng-results ignored="7" total="8" passed="1" failed="0" skipped="0">
  <reporter-output>
  </reporter-output>
  <suite started-at="2021-12-07T15:57:05 CST" name="Default suite" finished-at="2021-12-07T15:57:05 CST" duration-ms="36">
    <groups>
    </groups>
    <test started-at="2021-12-07T15:57:05 CST" name="Default test" finished-at="2021-12-07T15:57:05 CST" duration-ms="36">
      <class name="com.testNg.testNgannotations">
        <test-method is-config="true" signature="beforeSuite()[pri:0, instance:com.testNg.testNgannotations@318ba8c8]" started-at="2021-12-07T15:57:05 CST" name="beforeSuite" finished-at="2021-12-07T15:57:05 CST" duration-ms="9" status="PASS">
          <reporter-output>
          </reporter-output>
        </test-method> <!-- beforeSuite -->
        <test-method is-config="true" signature="beforeTest()[pri:0, instance:com.testNg.testNgannotations@318ba8c8]" started-at="2021-12-07T15:57:05 CST" name="beforeTest" finished-at="2021-12-07T15:57:05 CST" duration-ms="0" status="PASS">
          <reporter-output>
          </reporter-output>
        </test-method> <!-- beforeTest -->
        <test-method is-config="true" signature="beforeClass()[pri:0, instance:com.testNg.testNgannotations@318ba8c8]" started-at="2021-12-07T15:57:05 CST" name="beforeClass" finished-at="2021-12-07T15:57:05 CST" duration-ms="0" status="PASS">
          <reporter-output>
          </reporter-output>
        </test-method> <!-- beforeClass -->
        <test-method is-config="true" signature="beforeMethod()[pri:0, instance:com.testNg.testNgannotations@318ba8c8]" started-at="2021-12-07T15:57:05 CST" name="beforeMethod" finished-at="2021-12-07T15:57:05 CST" duration-ms="1" status="PASS">
          <reporter-output>
          </reporter-output>
        </test-method> <!-- beforeMethod -->
        <test-method signature="testcase7()[pri:0, instance:com.testNg.testNgannotations@318ba8c8]" started-at="2021-12-07T15:57:05 CST" name="testcase7" finished-at="2021-12-07T15:57:05 CST" duration-ms="5" status="PASS">
          <reporter-output>
          </reporter-output>
        </test-method> <!-- testcase7 -->
        <test-method is-config="true" signature="afterMethod()[pri:0, instance:com.testNg.testNgannotations@318ba8c8]" started-at="2021-12-07T15:57:05 CST" name="afterMethod" finished-at="2021-12-07T15:57:05 CST" duration-ms="0" status="PASS">
          <reporter-output>
          </reporter-output>
        </test-method> <!-- afterMethod -->
        <test-method is-config="true" signature="afterClass()[pri:0, instance:com.testNg.testNgannotations@318ba8c8]" started-at="2021-12-07T15:57:05 CST" name="afterClass" finished-at="2021-12-07T15:57:05 CST" duration-ms="0" status="PASS">
          <reporter-output>
          </reporter-output>
        </test-method> <!-- afterClass -->
        <test-method is-config="true" signature="afterTest()[pri:0, instance:com.testNg.testNgannotations@318ba8c8]" started-at="2021-12-07T15:57:05 CST" name="afterTest" finished-at="2021-12-07T15:57:05 CST" duration-ms="0" status="PASS">
          <reporter-output>
          </reporter-output>
        </test-method> <!-- afterTest -->
        <test-method is-config="true" signature="afterSuite()[pri:0, instance:com.testNg.testNgannotations@318ba8c8]" started-at="2021-12-07T15:57:05 CST" name="afterSuite" finished-at="2021-12-07T15:57:05 CST" duration-ms="0" status="PASS">
          <reporter-output>
          </reporter-output>
        </test-method> <!-- afterSuite -->
      </class> <!-- com.testNg.testNgannotations -->
    </test> <!-- Default test -->
  </suite> <!-- Default suite -->
</testng-results>
